<?xml version="1.0" encoding="UTF-8"?>
<testsuite name="DroneMedicationAPIApplicationTest" tests="1" skipped="0" failures="1" errors="0" timestamp="2024-03-06T10:47:30" hostname="DESKTOP-S3OS6DJ" time="6.259">
  <properties/>
  <testcase name="start" classname="DroneMedicationAPIApplicationTest" time="6.259">
    <failure message="java.lang.AssertionError: Exception in test #1&#10;&#10;org.springframework.beans.factory.UnsatisfiedDependencyException: Error creating bean with name 'droneMedicationAPIApplication': Unsatisfied dependency expressed through constructor parameter 0; nested exception is org.springframework.beans.factory.NoSuchBeanDefinitionException: No qualifying bean of type 'DroneMed.service.DroneService' available: expected at least 1 bean which qualifies as autowire candidate. Dependency annotations: {}&#10;&#9;at org.springframework.beans.factory.support.ConstructorResolver.createArgumentArray(ConstructorResolver.java:800)&#10;&#9;at org.springframework.beans.factory.support.ConstructorResolver.autowireConstructor(ConstructorResolver.java:229)&#10;&#9;at org.springframework.beans.factory.support.AbstractAutowireCapableBeanFactory.autowireConstructor(AbstractAutowireCapableBeanFactory.java:1372)&#10;&#9;at org.springframework.beans.factory.support.AbstractAutowireCapableBeanFactory.createBeanInstance(AbstractAutowireCapableBeanFactory.java:1222)&#10;&#9;at org.springframework.beans.factory.support.AbstractAutowireCapableBeanFactory.doCreateBean(AbstractAutowireCapableBeanFactory.java:582)&#10;&#9;at org.springframework.beans.factory.support.AbstractAutowireCapableBeanFactory.createBean(AbstractAutowireCapableBeanFactory.java:542)&#10;&#9;at org.springframework.beans.factory.support.AbstractBeanFactory.lambda$doGetBean$0(AbstractBeanFactory.java:335)&#10;&#9;at org.springframework.beans.factory.support.DefaultSingletonBeanRegistry.getSingleton(DefaultSingletonBeanRegistry.java:234)&#10;&#9;at org.springframework.beans.factory.support.AbstractBeanFactory.doGetBean(AbstractBeanFactory.java:333)&#10;&#9;at org.springframework.beans.factory.support.AbstractBeanFactory.getBean(AbstractBeanFactory.java:208)&#10;&#9;at org.springframework.beans.factory.support.DefaultListableBeanFactory.preInstantiateSingletons(DefaultListableBeanFactory.java:944)&#10;&#9;at org.springframework.context.support.AbstractApplicationContext.finishBeanFactoryInitialization(AbstractApplicationContext.java:918)&#10;&#9;at org.springframework.context.support.AbstractApplicationContext.refresh(AbstractApplicationContext.java:583)&#10;&#9;at org.springframework.boot.SpringApplication.refresh(SpringApplication.java:754)&#10;&#9;at org.springframework.boot.SpringApplication.refreshContext(SpringApplication.java:434)&#10;&#9;at org.springframework.boot.SpringApplication.run(SpringApplication.java:338)&#10;&#9;at org.springframework.boot.SpringApplication.run(SpringApplication.java:1343)&#10;&#9;at org.springframework.boot.SpringApplication.run(SpringApplication.java:1332)&#10;&#9;at DroneMed.DroneMedicationAPIApplication.main(DroneMedicationAPIApplication.java:39)&#10;&#10;Please find below the output of your program during this failed test.&#10;&#10;---&#10;&#10;.   ____          _            __ _ _&#10; /\\ / ___'_ __ _ _(_)_ __  __ _ \ \ \ \&#10;( ( )\___ | '_ | '_| | '_ \/ _` | \ \ \ \&#10; \\/  ___)| |_)| | | | | || (_| |  ) ) ) )&#10;  '  |____| .__|_| |_|_| |_\__, | / / / /&#10; =========|_|==============|___/=/_/_/_/&#10; :: Spring Boot ::                (v2.5.6)&#10;&#10;2024-03-06 11:47:31.781  INFO 12644 --- [nAPIApplication] DroneMed.DroneMedicationAPIApplication   : Starting DroneMedicationAPIApplication using Java 17.0.8.1 on DESKTOP-S3OS6DJ with PID 12644 (C:\Users\user\Desktop\HyperSkill\DroneMedAPI\DroneMedicationAPI\Stage1\build\classes\java\main started by user in C:\Users\user\Desktop\HyperSkill\DroneMedAPI\DroneMedicationAPI\Stage1)&#10;2024-03-06 11:47:31.818 DEBUG 12644 --- [nAPIApplication] DroneMed.DroneMedicationAPIApplication   : Running with Spring Boot v2.5.6, Spring v5.3.12&#10;2024-03-06 11:47:31.834  INFO 12644 --- [nAPIApplication] DroneMed.DroneMedicationAPIApplication   : No active profile set, falling back to default profiles: default&#10;2024-03-06 11:47:33.422  INFO 12644 --- [nAPIApplication] .s.d.r.c.RepositoryConfigurationDelegate : Bootstrapping Spring Data JPA repositories in DEFAULT mode.&#10;2024-03-06 11:47:33.691  INFO 12644 --- [nAPIApplication] .s.d.r.c.RepositoryConfigurationDelegate : Finished Spring Data repository scanning in 227 ms. Found 3 JPA repository interfaces.&#10;2024-03-06 11:47:34.586  INFO 12644 --- [nAPIApplication] o.hibernate.jpa.internal.util.LogHelper  : HHH000204: Processing PersistenceUnitInfo [name: default]&#10;2024-03-06 11:47:34.687  INFO 12644 --- [nAPIApplication] org.hibernate.Version                    : HHH000412: Hibernate ORM core version 5.4.32.Final&#10;2024-03-06 11:47:34.925  INFO 12644 --- [nAPIApplication] o.hibernate.annotations.common.Version   : HCANN000001: Hibernate Commons Annotations {5.1.2.Final}&#10;2024-03-06 11:47:35.108  INFO 12644 --- [nAPIApplication] com.zaxxer.hikari.HikariDataSource       : HikariPool-1 - Starting...&#10;2024-03-06 11:47:35.389  INFO 12644 --- [nAPIApplication] com.zaxxer.hikari.HikariDataSource       : HikariPool-1 - Start completed.&#10;2024-03-06 11:47:35.427  INFO 12644 --- [nAPIApplication] org.hibernate.dialect.Dialect            : HHH000400: Using dialect: org.hibernate.dialect.H2Dialect&#10;2024-03-06 11:47:36.829  INFO 12644 --- [nAPIApplication] o.h.e.t.j.p.i.JtaPlatformInitiator       : HHH000490: Using JtaPlatform implementation: [org.hibernate.engine.transaction.jta.platform.internal.NoJtaPlatform]&#10;2024-03-06 11:47:36.865  INFO 12644 --- [nAPIApplication] j.LocalContainerEntityManagerFactoryBean : Initialized JPA EntityManagerFactory for persistence unit 'default'&#10;2024-03-06 11:47:36.880  WARN 12644 --- [nAPIApplication] s.c.a.AnnotationConfigApplicationContext : Exception encountered during context initialization - cancelling refresh attempt: org.springframework.beans.factory.UnsatisfiedDependencyException: Error creating bean with name 'droneMedicationAPIApplication': Unsatisfied dependency expressed through constructor parameter 0; nested exception is org.springframework.beans.factory.NoSuchBeanDefinitionException: No qualifying bean of type 'DroneMed.service.DroneService' available: expected at least 1 bean which qualifies as autowire candidate. Dependency annotations: {}&#10;2024-03-06 11:47:36.912  INFO 12644 --- [nAPIApplication] j.LocalContainerEntityManagerFactoryBean : Closing JPA EntityManagerFactory for persistence unit 'default'&#10;2024-03-06 11:47:36.927  INFO 12644 --- [nAPIApplication] com.zaxxer.hikari.HikariDataSource       : HikariPool-1 - Shutdown initiated...&#10;2024-03-06 11:47:36.989  INFO 12644 --- [nAPIApplication] com.zaxxer.hikari.HikariDataSource       : HikariPool-1 - Shutdown completed.&#10;2024-03-06 11:47:37.012  INFO 12644 --- [nAPIApplication] ConditionEvaluationReportLoggingListener : &#10;&#10;Error starting ApplicationContext. To display the conditions report re-run your application with 'debug' enabled.&#10;2024-03-06 11:47:37.055 ERROR 12644 --- [nAPIApplication] o.s.b.d.LoggingFailureAnalysisReporter   : &#10;&#10;***************************&#10;APPLICATION FAILED TO START&#10;***************************&#10;&#10;Description:&#10;&#10;Parameter 0 of constructor in DroneMed.DroneMedicationAPIApplication required a bean of type 'DroneMed.service.DroneService' that could not be found.&#10;&#10;&#10;Action:&#10;&#10;Consider defining a bean of type 'DroneMed.service.DroneService' in your configuration." type="java.lang.AssertionError">java.lang.AssertionError: Exception in test #1

org.springframework.beans.factory.UnsatisfiedDependencyException: Error creating bean with name 'droneMedicationAPIApplication': Unsatisfied dependency expressed through constructor parameter 0; nested exception is org.springframework.beans.factory.NoSuchBeanDefinitionException: No qualifying bean of type 'DroneMed.service.DroneService' available: expected at least 1 bean which qualifies as autowire candidate. Dependency annotations: {}
	at org.springframework.beans.factory.support.ConstructorResolver.createArgumentArray(ConstructorResolver.java:800)
	at org.springframework.beans.factory.support.ConstructorResolver.autowireConstructor(ConstructorResolver.java:229)
	at org.springframework.beans.factory.support.AbstractAutowireCapableBeanFactory.autowireConstructor(AbstractAutowireCapableBeanFactory.java:1372)
	at org.springframework.beans.factory.support.AbstractAutowireCapableBeanFactory.createBeanInstance(AbstractAutowireCapableBeanFactory.java:1222)
	at org.springframework.beans.factory.support.AbstractAutowireCapableBeanFactory.doCreateBean(AbstractAutowireCapableBeanFactory.java:582)
	at org.springframework.beans.factory.support.AbstractAutowireCapableBeanFactory.createBean(AbstractAutowireCapableBeanFactory.java:542)
	at org.springframework.beans.factory.support.AbstractBeanFactory.lambda$doGetBean$0(AbstractBeanFactory.java:335)
	at org.springframework.beans.factory.support.DefaultSingletonBeanRegistry.getSingleton(DefaultSingletonBeanRegistry.java:234)
	at org.springframework.beans.factory.support.AbstractBeanFactory.doGetBean(AbstractBeanFactory.java:333)
	at org.springframework.beans.factory.support.AbstractBeanFactory.getBean(AbstractBeanFactory.java:208)
	at org.springframework.beans.factory.support.DefaultListableBeanFactory.preInstantiateSingletons(DefaultListableBeanFactory.java:944)
	at org.springframework.context.support.AbstractApplicationContext.finishBeanFactoryInitialization(AbstractApplicationContext.java:918)
	at org.springframework.context.support.AbstractApplicationContext.refresh(AbstractApplicationContext.java:583)
	at org.springframework.boot.SpringApplication.refresh(SpringApplication.java:754)
	at org.springframework.boot.SpringApplication.refreshContext(SpringApplication.java:434)
	at org.springframework.boot.SpringApplication.run(SpringApplication.java:338)
	at org.springframework.boot.SpringApplication.run(SpringApplication.java:1343)
	at org.springframework.boot.SpringApplication.run(SpringApplication.java:1332)
	at DroneMed.DroneMedicationAPIApplication.main(DroneMedicationAPIApplication.java:39)

Please find below the output of your program during this failed test.

---

.   ____          _            __ _ _
 /\\ / ___'_ __ _ _(_)_ __  __ _ \ \ \ \
( ( )\___ | '_ | '_| | '_ \/ _` | \ \ \ \
 \\/  ___)| |_)| | | | | || (_| |  ) ) ) )
  '  |____| .__|_| |_|_| |_\__, | / / / /
 =========|_|==============|___/=/_/_/_/
 :: Spring Boot ::                (v2.5.6)

2024-03-06 11:47:31.781  INFO 12644 --- [nAPIApplication] DroneMed.DroneMedicationAPIApplication   : Starting DroneMedicationAPIApplication using Java 17.0.8.1 on DESKTOP-S3OS6DJ with PID 12644 (C:\Users\user\Desktop\HyperSkill\DroneMedAPI\DroneMedicationAPI\Stage1\build\classes\java\main started by user in C:\Users\user\Desktop\HyperSkill\DroneMedAPI\DroneMedicationAPI\Stage1)
2024-03-06 11:47:31.818 DEBUG 12644 --- [nAPIApplication] DroneMed.DroneMedicationAPIApplication   : Running with Spring Boot v2.5.6, Spring v5.3.12
2024-03-06 11:47:31.834  INFO 12644 --- [nAPIApplication] DroneMed.DroneMedicationAPIApplication   : No active profile set, falling back to default profiles: default
2024-03-06 11:47:33.422  INFO 12644 --- [nAPIApplication] .s.d.r.c.RepositoryConfigurationDelegate : Bootstrapping Spring Data JPA repositories in DEFAULT mode.
2024-03-06 11:47:33.691  INFO 12644 --- [nAPIApplication] .s.d.r.c.RepositoryConfigurationDelegate : Finished Spring Data repository scanning in 227 ms. Found 3 JPA repository interfaces.
2024-03-06 11:47:34.586  INFO 12644 --- [nAPIApplication] o.hibernate.jpa.internal.util.LogHelper  : HHH000204: Processing PersistenceUnitInfo [name: default]
2024-03-06 11:47:34.687  INFO 12644 --- [nAPIApplication] org.hibernate.Version                    : HHH000412: Hibernate ORM core version 5.4.32.Final
2024-03-06 11:47:34.925  INFO 12644 --- [nAPIApplication] o.hibernate.annotations.common.Version   : HCANN000001: Hibernate Commons Annotations {5.1.2.Final}
2024-03-06 11:47:35.108  INFO 12644 --- [nAPIApplication] com.zaxxer.hikari.HikariDataSource       : HikariPool-1 - Starting...
2024-03-06 11:47:35.389  INFO 12644 --- [nAPIApplication] com.zaxxer.hikari.HikariDataSource       : HikariPool-1 - Start completed.
2024-03-06 11:47:35.427  INFO 12644 --- [nAPIApplication] org.hibernate.dialect.Dialect            : HHH000400: Using dialect: org.hibernate.dialect.H2Dialect
2024-03-06 11:47:36.829  INFO 12644 --- [nAPIApplication] o.h.e.t.j.p.i.JtaPlatformInitiator       : HHH000490: Using JtaPlatform implementation: [org.hibernate.engine.transaction.jta.platform.internal.NoJtaPlatform]
2024-03-06 11:47:36.865  INFO 12644 --- [nAPIApplication] j.LocalContainerEntityManagerFactoryBean : Initialized JPA EntityManagerFactory for persistence unit 'default'
2024-03-06 11:47:36.880  WARN 12644 --- [nAPIApplication] s.c.a.AnnotationConfigApplicationContext : Exception encountered during context initialization - cancelling refresh attempt: org.springframework.beans.factory.UnsatisfiedDependencyException: Error creating bean with name 'droneMedicationAPIApplication': Unsatisfied dependency expressed through constructor parameter 0; nested exception is org.springframework.beans.factory.NoSuchBeanDefinitionException: No qualifying bean of type 'DroneMed.service.DroneService' available: expected at least 1 bean which qualifies as autowire candidate. Dependency annotations: {}
2024-03-06 11:47:36.912  INFO 12644 --- [nAPIApplication] j.LocalContainerEntityManagerFactoryBean : Closing JPA EntityManagerFactory for persistence unit 'default'
2024-03-06 11:47:36.927  INFO 12644 --- [nAPIApplication] com.zaxxer.hikari.HikariDataSource       : HikariPool-1 - Shutdown initiated...
2024-03-06 11:47:36.989  INFO 12644 --- [nAPIApplication] com.zaxxer.hikari.HikariDataSource       : HikariPool-1 - Shutdown completed.
2024-03-06 11:47:37.012  INFO 12644 --- [nAPIApplication] ConditionEvaluationReportLoggingListener : 

Error starting ApplicationContext. To display the conditions report re-run your application with 'debug' enabled.
2024-03-06 11:47:37.055 ERROR 12644 --- [nAPIApplication] o.s.b.d.LoggingFailureAnalysisReporter   : 

***************************
APPLICATION FAILED TO START
***************************

Description:

Parameter 0 of constructor in DroneMed.DroneMedicationAPIApplication required a bean of type 'DroneMed.service.DroneService' that could not be found.


Action:

Consider defining a bean of type 'DroneMed.service.DroneService' in your configuration.
	at org.junit.Assert.fail(Assert.java:89)
	at org.hyperskill.hstest.stage.StageTest.start(StageTest.java:203)
	at java.base/jdk.internal.reflect.NativeMethodAccessorImpl.invoke0(Native Method)
	at java.base/jdk.internal.reflect.NativeMethodAccessorImpl.invoke(NativeMethodAccessorImpl.java:77)
	at java.base/jdk.internal.reflect.DelegatingMethodAccessorImpl.invoke(DelegatingMethodAccessorImpl.java:43)
	at java.base/java.lang.reflect.Method.invoke(Method.java:568)
	at org.junit.runners.model.FrameworkMethod$1.runReflectiveCall(FrameworkMethod.java:59)
	at org.junit.internal.runners.model.ReflectiveCallable.run(ReflectiveCallable.java:12)
	at org.junit.runners.model.FrameworkMethod.invokeExplosively(FrameworkMethod.java:56)
	at org.junit.internal.runners.statements.InvokeMethod.evaluate(InvokeMethod.java:17)
	at org.junit.runners.ParentRunner$3.evaluate(ParentRunner.java:306)
	at org.junit.runners.BlockJUnit4ClassRunner$1.evaluate(BlockJUnit4ClassRunner.java:100)
	at org.junit.runners.ParentRunner.runLeaf(ParentRunner.java:366)
	at org.junit.runners.BlockJUnit4ClassRunner.runChild(BlockJUnit4ClassRunner.java:103)
	at org.junit.runners.BlockJUnit4ClassRunner.runChild(BlockJUnit4ClassRunner.java:63)
	at org.junit.runners.ParentRunner$4.run(ParentRunner.java:331)
	at org.junit.runners.ParentRunner$1.schedule(ParentRunner.java:79)
	at org.junit.runners.ParentRunner.runChildren(ParentRunner.java:329)
	at org.junit.runners.ParentRunner.access$100(ParentRunner.java:66)
	at org.junit.runners.ParentRunner$2.evaluate(ParentRunner.java:293)
	at org.junit.runners.ParentRunner$3.evaluate(ParentRunner.java:306)
	at org.junit.runners.ParentRunner.run(ParentRunner.java:413)
	at org.gradle.api.internal.tasks.testing.junit.JUnitTestClassExecutor.runTestClass(JUnitTestClassExecutor.java:110)
	at org.gradle.api.internal.tasks.testing.junit.JUnitTestClassExecutor.execute(JUnitTestClassExecutor.java:58)
	at org.gradle.api.internal.tasks.testing.junit.JUnitTestClassExecutor.execute(JUnitTestClassExecutor.java:38)
	at org.gradle.api.internal.tasks.testing.junit.AbstractJUnitTestClassProcessor.processTestClass(AbstractJUnitTestClassProcessor.java:62)
	at org.gradle.api.internal.tasks.testing.SuiteTestClassProcessor.processTestClass(SuiteTestClassProcessor.java:51)
	at java.base/jdk.internal.reflect.NativeMethodAccessorImpl.invoke0(Native Method)
	at java.base/jdk.internal.reflect.NativeMethodAccessorImpl.invoke(NativeMethodAccessorImpl.java:77)
	at java.base/jdk.internal.reflect.DelegatingMethodAccessorImpl.invoke(DelegatingMethodAccessorImpl.java:43)
	at java.base/java.lang.reflect.Method.invoke(Method.java:568)
	at org.gradle.internal.dispatch.ReflectionDispatch.dispatch(ReflectionDispatch.java:36)
	at org.gradle.internal.dispatch.ReflectionDispatch.dispatch(ReflectionDispatch.java:24)
	at org.gradle.internal.dispatch.ContextClassLoaderDispatch.dispatch(ContextClassLoaderDispatch.java:33)
	at org.gradle.internal.dispatch.ProxyDispatchAdapter$DispatchingInvocationHandler.invoke(ProxyDispatchAdapter.java:94)
	at jdk.proxy1/jdk.proxy1.$Proxy2.processTestClass(Unknown Source)
	at org.gradle.api.internal.tasks.testing.worker.TestWorker$2.run(TestWorker.java:176)
	at org.gradle.api.internal.tasks.testing.worker.TestWorker.executeAndMaintainThreadName(TestWorker.java:129)
	at org.gradle.api.internal.tasks.testing.worker.TestWorker.execute(TestWorker.java:100)
	at org.gradle.api.internal.tasks.testing.worker.TestWorker.execute(TestWorker.java:60)
	at org.gradle.process.internal.worker.child.ActionExecutionWorker.execute(ActionExecutionWorker.java:56)
	at org.gradle.process.internal.worker.child.SystemApplicationClassLoaderWorker.call(SystemApplicationClassLoaderWorker.java:133)
	at org.gradle.process.internal.worker.child.SystemApplicationClassLoaderWorker.call(SystemApplicationClassLoaderWorker.java:71)
	at worker.org.gradle.process.internal.worker.GradleWorkerMain.run(GradleWorkerMain.java:69)
	at worker.org.gradle.process.internal.worker.GradleWorkerMain.main(GradleWorkerMain.java:74)
</failure>
  </testcase>
  <system-out><![CDATA[?[1;31m
Start test 1?[0m

  .   ____          _            __ _ _
 /\\ / ___'_ __ _ _(_)_ __  __ _ \ \ \ \
( ( )\___ | '_ | '_| | '_ \/ _` | \ \ \ \
 \\/  ___)| |_)| | | | | || (_| |  ) ) ) )
  '  |____| .__|_| |_|_| |_\__, | / / / /
 =========|_|==============|___/=/_/_/_/
 :: Spring Boot ::                (v2.5.6)

2024-03-06 11:47:31.781  INFO 12644 --- [nAPIApplication] DroneMed.DroneMedicationAPIApplication   : Starting DroneMedicationAPIApplication using Java 17.0.8.1 on DESKTOP-S3OS6DJ with PID 12644 (C:\Users\user\Desktop\HyperSkill\DroneMedAPI\DroneMedicationAPI\Stage1\build\classes\java\main started by user in C:\Users\user\Desktop\HyperSkill\DroneMedAPI\DroneMedicationAPI\Stage1)
2024-03-06 11:47:31.818 DEBUG 12644 --- [nAPIApplication] DroneMed.DroneMedicationAPIApplication   : Running with Spring Boot v2.5.6, Spring v5.3.12
2024-03-06 11:47:31.834  INFO 12644 --- [nAPIApplication] DroneMed.DroneMedicationAPIApplication   : No active profile set, falling back to default profiles: default
2024-03-06 11:47:33.422  INFO 12644 --- [nAPIApplication] .s.d.r.c.RepositoryConfigurationDelegate : Bootstrapping Spring Data JPA repositories in DEFAULT mode.
2024-03-06 11:47:33.691  INFO 12644 --- [nAPIApplication] .s.d.r.c.RepositoryConfigurationDelegate : Finished Spring Data repository scanning in 227 ms. Found 3 JPA repository interfaces.
2024-03-06 11:47:34.586  INFO 12644 --- [nAPIApplication] o.hibernate.jpa.internal.util.LogHelper  : HHH000204: Processing PersistenceUnitInfo [name: default]
2024-03-06 11:47:34.687  INFO 12644 --- [nAPIApplication] org.hibernate.Version                    : HHH000412: Hibernate ORM core version 5.4.32.Final
2024-03-06 11:47:34.925  INFO 12644 --- [nAPIApplication] o.hibernate.annotations.common.Version   : HCANN000001: Hibernate Commons Annotations {5.1.2.Final}
2024-03-06 11:47:35.108  INFO 12644 --- [nAPIApplication] com.zaxxer.hikari.HikariDataSource       : HikariPool-1 - Starting...
2024-03-06 11:47:35.389  INFO 12644 --- [nAPIApplication] com.zaxxer.hikari.HikariDataSource       : HikariPool-1 - Start completed.
2024-03-06 11:47:35.427  INFO 12644 --- [nAPIApplication] org.hibernate.dialect.Dialect            : HHH000400: Using dialect: org.hibernate.dialect.H2Dialect
2024-03-06 11:47:36.829  INFO 12644 --- [nAPIApplication] o.h.e.t.j.p.i.JtaPlatformInitiator       : HHH000490: Using JtaPlatform implementation: [org.hibernate.engine.transaction.jta.platform.internal.NoJtaPlatform]
2024-03-06 11:47:36.865  INFO 12644 --- [nAPIApplication] j.LocalContainerEntityManagerFactoryBean : Initialized JPA EntityManagerFactory for persistence unit 'default'
2024-03-06 11:47:36.880  WARN 12644 --- [nAPIApplication] s.c.a.AnnotationConfigApplicationContext : Exception encountered during context initialization - cancelling refresh attempt: org.springframework.beans.factory.UnsatisfiedDependencyException: Error creating bean with name 'droneMedicationAPIApplication': Unsatisfied dependency expressed through constructor parameter 0; nested exception is org.springframework.beans.factory.NoSuchBeanDefinitionException: No qualifying bean of type 'DroneMed.service.DroneService' available: expected at least 1 bean which qualifies as autowire candidate. Dependency annotations: {}
2024-03-06 11:47:36.912  INFO 12644 --- [nAPIApplication] j.LocalContainerEntityManagerFactoryBean : Closing JPA EntityManagerFactory for persistence unit 'default'
2024-03-06 11:47:36.927  INFO 12644 --- [nAPIApplication] com.zaxxer.hikari.HikariDataSource       : HikariPool-1 - Shutdown initiated...
2024-03-06 11:47:36.989  INFO 12644 --- [nAPIApplication] com.zaxxer.hikari.HikariDataSource       : HikariPool-1 - Shutdown completed.
2024-03-06 11:47:37.012  INFO 12644 --- [nAPIApplication] ConditionEvaluationReportLoggingListener : 

Error starting ApplicationContext. To display the conditions report re-run your application with 'debug' enabled.
2024-03-06 11:47:37.055 ERROR 12644 --- [nAPIApplication] o.s.b.d.LoggingFailureAnalysisReporter   : 

***************************
APPLICATION FAILED TO START
***************************

Description:

Parameter 0 of constructor in DroneMed.DroneMedicationAPIApplication required a bean of type 'DroneMed.service.DroneService' that could not be found.


Action:

Consider defining a bean of type 'DroneMed.service.DroneService' in your configuration.

]]></system-out>
  <system-err><![CDATA[]]></system-err>
</testsuite>
