<?xml version="1.0" encoding="UTF-8"?>
<testsuite name="DroneMedicationAPIApplicationTest" tests="1" skipped="0" failures="0" errors="0" timestamp="2024-03-20T22:45:54" hostname="DESKTOP-S3OS6DJ" time="13.781">
  <properties/>
  <testcase name="start" classname="DroneMedicationAPIApplicationTest" time="13.781"/>
  <system-out><![CDATA[?[1;31m
Start test 1?[0m

  .   ____          _            __ _ _
 /\\ / ___'_ __ _ _(_)_ __  __ _ \ \ \ \
( ( )\___ | '_ | '_| | '_ \/ _` | \ \ \ \
 \\/  ___)| |_)| | | | | || (_| |  ) ) ) )
  '  |____| .__|_| |_|_| |_\__, | / / / /
 =========|_|==============|___/=/_/_/_/
 :: Spring Boot ::                (v2.5.6)

2024-03-20 23:45:55.690  INFO 21828 --- [nAPIApplication] DroneMed.DroneMedicationAPIApplication   : Starting DroneMedicationAPIApplication using Java 17.0.8.1 on DESKTOP-S3OS6DJ with PID 21828 (C:\Users\user\Desktop\HyperSkill\DroneMedAPI\DroneMedicationAPI\Stage1\build\classes\java\main started by user in C:\Users\user\Desktop\HyperSkill\DroneMedAPI\DroneMedicationAPI\Stage1)
2024-03-20 23:45:55.723 DEBUG 21828 --- [nAPIApplication] DroneMed.DroneMedicationAPIApplication   : Running with Spring Boot v2.5.6, Spring v5.3.12
2024-03-20 23:45:55.737  INFO 21828 --- [nAPIApplication] DroneMed.DroneMedicationAPIApplication   : No active profile set, falling back to default profiles: default
2024-03-20 23:45:57.212  INFO 21828 --- [nAPIApplication] .s.d.r.c.RepositoryConfigurationDelegate : Bootstrapping Spring Data JPA repositories in DEFAULT mode.
2024-03-20 23:45:57.334  INFO 21828 --- [nAPIApplication] .s.d.r.c.RepositoryConfigurationDelegate : Finished Spring Data repository scanning in 101 ms. Found 3 JPA repository interfaces.
2024-03-20 23:45:58.084  INFO 21828 --- [nAPIApplication] o.hibernate.jpa.internal.util.LogHelper  : HHH000204: Processing PersistenceUnitInfo [name: default]
2024-03-20 23:45:58.193  INFO 21828 --- [nAPIApplication] org.hibernate.Version                    : HHH000412: Hibernate ORM core version 5.4.32.Final
2024-03-20 23:45:58.493  INFO 21828 --- [nAPIApplication] o.hibernate.annotations.common.Version   : HCANN000001: Hibernate Commons Annotations {5.1.2.Final}
2024-03-20 23:45:58.703  INFO 21828 --- [nAPIApplication] com.zaxxer.hikari.HikariDataSource       : HikariPool-1 - Starting...
2024-03-20 23:45:59.042  INFO 21828 --- [nAPIApplication] com.zaxxer.hikari.HikariDataSource       : HikariPool-1 - Start completed.
2024-03-20 23:45:59.091  INFO 21828 --- [nAPIApplication] org.hibernate.dialect.Dialect            : HHH000400: Using dialect: org.hibernate.dialect.H2Dialect
2024-03-20 23:46:00.196  INFO 21828 --- [nAPIApplication] o.h.e.t.j.p.i.JtaPlatformInitiator       : HHH000490: Using JtaPlatform implementation: [org.hibernate.engine.transaction.jta.platform.internal.NoJtaPlatform]
2024-03-20 23:46:00.218  INFO 21828 --- [nAPIApplication] j.LocalContainerEntityManagerFactoryBean : Initialized JPA EntityManagerFactory for persistence unit 'default'
2024-03-20 23:46:02.000  INFO 21828 --- [nAPIApplication] DroneMed.DroneMedicationAPIApplication   : Started DroneMedicationAPIApplication in 7.144 seconds (JVM running for 8.592)
Enter instruction for drone medication API...
1. Drones
2. Medications
3. UserAccounts
4. Exit
> 1
1. View Drones
2. Create Drone
3. Update Drone
4. Delete Drone
5. Get Drone
6. Back
> 7
Invalid response, Please enter a valid response.
1. View Drones
2. Create Drone
3. Update Drone
4. Delete Drone
5. Get Drone
6. Back
> 1
View drones
1. Back
The drone list is empty.
> abcd
Invalid response, Please enter a valid response.
> 1
1. View Drones
2. Create Drone
3. Update Drone
4. Delete Drone
5. Get Drone
6. Back
> andfnf
Invalid response, Please enter a valid response.
1. View Drones
2. Create Drone
3. Update Drone
4. Delete Drone
5. Get Drone
6. Back
> 2
Create drones
1. Back
Enter new drone information....
Serial Number, Max Weight, CurrentWeight, Battery Capacity, Drone State, Drone Model, GPS Coordinates
> S001,100,0,1000,IDLE,LIGHTWEIGHT,4.815600°N 7.049800°E
Create Drones
1. Back
2. Create more Drones
Drone with serial number S001 created successfully.
> 2
Create drones
1. Back
Enter new drone information....
Serial Number, Max Weight, CurrentWeight, Battery Capacity, Drone State, Drone Model, GPS Coordinates
> S004,100,0,9000,IDLE,LIGHTWEIGHT, 4.815600°N 7.049800°E
Create Drones
1. Back
2. Create more Drones
Drone with serial number S004 created successfully.
> 2
Create drones
1. Back
Enter new drone information....
Serial Number, Max Weight, CurrentWeight, Battery Capacity, Drone State, Drone Model, GPS Coordinates
> S005,220,0,15000,IDLE,MIDDLEWEIGHT,4.815600°N 7.049800°E
Create Drones
1. Back
2. Create more Drones
Drone with serial number S005 created successfully.
> 2
Create drones
1. Back
Enter new drone information....
Serial Number, Max Weight, CurrentWeight, Battery Capacity, Drone State, Drone Model, GPS Coordinates
> S006,330,0,18000,IDLE,CRUISERWEIGHT,4.815600°N 7.049800°E
Create Drones
1. Back
2. Create more Drones
Drone with serial number S006 created successfully.
> 2
Create drones
1. Back
Enter new drone information....
Serial Number, Max Weight, CurrentWeight, Battery Capacity, Drone State, Drone Model, GPS Coordinates
> S002,200,0,15000,IDLE,MIDDLEWEIGHT
The parameter you entered is not a valid drone parameter, Please enter a valid drone parameter.
> S003,300,0,18000,IDLE,CRUISERWEIGHT,4.815600°N 7.049800°E,200,500
The parameter you entered is not a valid drone parameter, Please enter a valid drone parameter.
> 1
1. View Drones
2. Create Drone
3. Update Drone
4. Delete Drone
5. Get Drone
6. Back
> 3
Update drones
1. Back
Drones list
1. Drone serialnumber: S001 maxWeight: 100 currentWeight: 0 batteryCapacity: 1000 State: IDLE Model: LIGHTWEIGHT Coordinate: 4.815600°N 7.049800°E
2. Drone serialnumber: S004 maxWeight: 100 currentWeight: 0 batteryCapacity: 9000 State: IDLE Model: LIGHTWEIGHT Coordinate: 4.815600°N 7.049800°E
3. Drone serialnumber: S005 maxWeight: 220 currentWeight: 0 batteryCapacity: 15000 State: IDLE Model: MIDDLEWEIGHT Coordinate: 4.815600°N 7.049800°E
4. Drone serialnumber: S006 maxWeight: 330 currentWeight: 0 batteryCapacity: 18000 State: IDLE Model: CRUISERWEIGHT Coordinate: 4.815600°N 7.049800°E
Enter drone ID to update....
Serial Number, Max Weight, CurrentWeight, Battery Capacity, Drone State, Drone Model, GPS Coordinates 
> S001,100,0,700,IDLE,LIGHTWEIGHT,4.815600°N 7.049800°E
Updated Drone
1. Back
2. Update more Drones
Drone with serial number S001 updated successfully.
> 2
Update drones
1. Back
Drones list
1. Drone serialnumber: S001 maxWeight: 100 currentWeight: 0 batteryCapacity: 700 State: IDLE Model: LIGHTWEIGHT Coordinate: 4.815600°N 7.049800°E
2. Drone serialnumber: S004 maxWeight: 100 currentWeight: 0 batteryCapacity: 9000 State: IDLE Model: LIGHTWEIGHT Coordinate: 4.815600°N 7.049800°E
3. Drone serialnumber: S005 maxWeight: 220 currentWeight: 0 batteryCapacity: 15000 State: IDLE Model: MIDDLEWEIGHT Coordinate: 4.815600°N 7.049800°E
4. Drone serialnumber: S006 maxWeight: 330 currentWeight: 0 batteryCapacity: 18000 State: IDLE Model: CRUISERWEIGHT Coordinate: 4.815600°N 7.049800°E
Enter drone ID to update....
Serial Number, Max Weight, CurrentWeight, Battery Capacity, Drone State, Drone Model, GPS Coordinates 
> S011,100,0,700,IDLE,LIGHTWEIGHT,4.815600°N 7.049800°E
Updated Drone
1. Back
2. Update more Drones
Drone with serial number S011 not found.
> 2
Update drones
1. Back
Drones list
1. Drone serialnumber: S001 maxWeight: 100 currentWeight: 0 batteryCapacity: 700 State: IDLE Model: LIGHTWEIGHT Coordinate: 4.815600°N 7.049800°E
2. Drone serialnumber: S004 maxWeight: 100 currentWeight: 0 batteryCapacity: 9000 State: IDLE Model: LIGHTWEIGHT Coordinate: 4.815600°N 7.049800°E
3. Drone serialnumber: S005 maxWeight: 220 currentWeight: 0 batteryCapacity: 15000 State: IDLE Model: MIDDLEWEIGHT Coordinate: 4.815600°N 7.049800°E
4. Drone serialnumber: S006 maxWeight: 330 currentWeight: 0 batteryCapacity: 18000 State: IDLE Model: CRUISERWEIGHT Coordinate: 4.815600°N 7.049800°E
Enter drone ID to update....
Serial Number, Max Weight, CurrentWeight, Battery Capacity, Drone State, Drone Model, GPS Coordinates 
> S002,200,0,15000,IDLE,MIDDLEWEIGHT
The parameter you entered is not a valid drone parameter, Please enter a valid drone parameter.
> 1
1. View Drones
2. Create Drone
3. Update Drone
4. Delete Drone
5. Get Drone
6. Back
> 4
Delete drones
1. Back
Drones list
1. Drone serialnumber: S001 maxWeight: 100 currentWeight: 0 batteryCapacity: 700 State: IDLE Model: LIGHTWEIGHT Coordinate: 4.815600°N 7.049800°E
2. Drone serialnumber: S004 maxWeight: 100 currentWeight: 0 batteryCapacity: 9000 State: IDLE Model: LIGHTWEIGHT Coordinate: 4.815600°N 7.049800°E
3. Drone serialnumber: S005 maxWeight: 220 currentWeight: 0 batteryCapacity: 15000 State: IDLE Model: MIDDLEWEIGHT Coordinate: 4.815600°N 7.049800°E
4. Drone serialnumber: S006 maxWeight: 330 currentWeight: 0 batteryCapacity: 18000 State: IDLE Model: CRUISERWEIGHT Coordinate: 4.815600°N 7.049800°E
Enter drone ID to Delete....
> S006
Delete Drones
1. Back
2. Delete more Drones
Drone with serial number S006 deleted Successfully.
> 2
Delete drones
1. Back
Drones list
1. Drone serialnumber: S001 maxWeight: 100 currentWeight: 0 batteryCapacity: 700 State: IDLE Model: LIGHTWEIGHT Coordinate: 4.815600°N 7.049800°E
2. Drone serialnumber: S004 maxWeight: 100 currentWeight: 0 batteryCapacity: 9000 State: IDLE Model: LIGHTWEIGHT Coordinate: 4.815600°N 7.049800°E
3. Drone serialnumber: S005 maxWeight: 220 currentWeight: 0 batteryCapacity: 15000 State: IDLE Model: MIDDLEWEIGHT Coordinate: 4.815600°N 7.049800°E
Enter drone ID to Delete....
> S005
Delete Drones
1. Back
2. Delete more Drones
Drone with serial number S005 deleted Successfully.
> 2
Delete drones
1. Back
Drones list
1. Drone serialnumber: S001 maxWeight: 100 currentWeight: 0 batteryCapacity: 700 State: IDLE Model: LIGHTWEIGHT Coordinate: 4.815600°N 7.049800°E
2. Drone serialnumber: S004 maxWeight: 100 currentWeight: 0 batteryCapacity: 9000 State: IDLE Model: LIGHTWEIGHT Coordinate: 4.815600°N 7.049800°E
Enter drone ID to Delete....
> S016
Delete Drones
1. Back
2. Delete more Drones
Drone with serial number S016 not found.
> 1
1. View Drones
2. Create Drone
3. Update Drone
4. Delete Drone
5. Get Drone
6. Back
> 5
Get drones
1. Back
Enter drone the ID that you want to retrieve.
> S001
Get Drone
1. Back
2. Get more Drones
Drone serialnumber: S001 maxWeight: 100 currentWeight: 0 batteryCapacity: 700 State: IDLE Model: LIGHTWEIGHT Coordinate: 4.815600°N 7.049800°E
> 2
Get drones
1. Back
Enter drone the ID that you want to retrieve.
> S004
Get Drone
1. Back
2. Get more Drones
Drone serialnumber: S004 maxWeight: 100 currentWeight: 0 batteryCapacity: 9000 State: IDLE Model: LIGHTWEIGHT Coordinate: 4.815600°N 7.049800°E
> 2
Get drones
1. Back
Enter drone the ID that you want to retrieve.
> S020
Get Drone
1. Back
2. Get more Drones
Drone with serial number S020 not found.
> 1
1. View Drones
2. Create Drone
3. Update Drone
4. Delete Drone
5. Get Drone
6. Back
> 6
1. Drones
2. Medications
3. UserAccounts
4. Exit
2024-03-20 23:46:02.983  INFO 21828 --- [nAPIApplication] ConditionEvaluationReportLoggingListener : 

Error starting ApplicationContext. To display the conditions report re-run your application with 'debug' enabled.
2024-03-20 23:46:03.029 ERROR 21828 --- [nAPIApplication] o.s.boot.SpringApplication               : Application run failed

org.hyperskill.hstest.dynamic.security.ExitException: Tried to exit with status 0.
	at org.hyperskill.hstest.dynamic.input.DynamicInputHandler.ejectChar(DynamicInputHandler.java:34) ~[hs-test-release-SNAPSHOT.jar:na]
	at org.hyperskill.hstest.dynamic.input.InputMock.read(InputMock.java:81) ~[hs-test-release-SNAPSHOT.jar:na]
	at org.hyperskill.hstest.dynamic.input.InputMock.read(InputMock.java:59) ~[hs-test-release-SNAPSHOT.jar:na]
	at java.base/sun.nio.cs.StreamDecoder.readBytes(StreamDecoder.java:270) ~[na:na]
	at java.base/sun.nio.cs.StreamDecoder.implRead(StreamDecoder.java:313) ~[na:na]
	at java.base/sun.nio.cs.StreamDecoder.read(StreamDecoder.java:188) ~[na:na]
	at java.base/java.io.Reader.read(Reader.java:197) ~[na:na]
	at java.base/java.io.InputStreamReader.read(InputStreamReader.java:157) ~[na:na]
	at java.base/java.util.Scanner.readInput(Scanner.java:882) ~[na:na]
	at java.base/java.util.Scanner.next(Scanner.java:1592) ~[na:na]
	at java.base/java.util.Scanner.nextInt(Scanner.java:2258) ~[na:na]
	at java.base/java.util.Scanner.nextInt(Scanner.java:2212) ~[na:na]
	at DroneMed.Runner.run(Runner.java:53) ~[main/:na]
	at org.springframework.boot.SpringApplication.callRunner(SpringApplication.java:791) ~[spring-boot-2.5.6.jar:2.5.6]
	at org.springframework.boot.SpringApplication.callRunners(SpringApplication.java:775) ~[spring-boot-2.5.6.jar:2.5.6]
	at org.springframework.boot.SpringApplication.run(SpringApplication.java:345) ~[spring-boot-2.5.6.jar:2.5.6]
	at org.springframework.boot.SpringApplication.run(SpringApplication.java:1343) ~[spring-boot-2.5.6.jar:2.5.6]
	at org.springframework.boot.SpringApplication.run(SpringApplication.java:1332) ~[spring-boot-2.5.6.jar:2.5.6]
	at DroneMed.DroneMedicationAPIApplication.main(DroneMedicationAPIApplication.java:11) ~[main/:na]
	at java.base/jdk.internal.reflect.NativeMethodAccessorImpl.invoke0(Native Method) ~[na:na]
	at java.base/jdk.internal.reflect.NativeMethodAccessorImpl.invoke(NativeMethodAccessorImpl.java:77) ~[na:na]
	at java.base/jdk.internal.reflect.DelegatingMethodAccessorImpl.invoke(DelegatingMethodAccessorImpl.java:43) ~[na:na]
	at java.base/java.lang.reflect.Method.invoke(Method.java:568) ~[na:na]
	at org.hyperskill.hstest.testing.execution.MainMethodExecutor.invokeMain(MainMethodExecutor.java:160) ~[hs-test-release-SNAPSHOT.jar:na]
	at org.hyperskill.hstest.testing.execution.MainMethodExecutor.lambda$launch$1(MainMethodExecutor.java:188) ~[hs-test-release-SNAPSHOT.jar:na]
	at java.base/java.util.concurrent.Executors$RunnableAdapter.call(Executors.java:539) ~[na:na]
	at java.base/java.util.concurrent.FutureTask.run(FutureTask.java:264) ~[na:na]
	at java.base/java.util.concurrent.ThreadPoolExecutor.runWorker(ThreadPoolExecutor.java:1136) ~[na:na]
	at java.base/java.util.concurrent.ThreadPoolExecutor$Worker.run(ThreadPoolExecutor.java:635) ~[na:na]
	at java.base/java.lang.Thread.run(Thread.java:833) ~[na:na]

2024-03-20 23:46:03.185  INFO 21828 --- [nAPIApplication] j.LocalContainerEntityManagerFactoryBean : Closing JPA EntityManagerFactory for persistence unit 'default'
2024-03-20 23:46:03.202  INFO 21828 --- [nAPIApplication] com.zaxxer.hikari.HikariDataSource       : HikariPool-1 - Shutdown initiated...
2024-03-20 23:46:03.257  INFO 21828 --- [nAPIApplication] com.zaxxer.hikari.HikariDataSource       : HikariPool-1 - Shutdown completed.
?[1;31m
Start test 2?[0m

  .   ____          _            __ _ _
 /\\ / ___'_ __ _ _(_)_ __  __ _ \ \ \ \
( ( )\___ | '_ | '_| | '_ \/ _` | \ \ \ \
 \\/  ___)| |_)| | | | | || (_| |  ) ) ) )
  '  |____| .__|_| |_|_| |_\__, | / / / /
 =========|_|==============|___/=/_/_/_/
 :: Spring Boot ::                (v2.5.6)

2024-03-20 23:46:03.354  INFO 21828 --- [nAPIApplication] DroneMed.DroneMedicationAPIApplication   : Starting DroneMedicationAPIApplication using Java 17.0.8.1 on DESKTOP-S3OS6DJ with PID 21828 (C:\Users\user\Desktop\HyperSkill\DroneMedAPI\DroneMedicationAPI\Stage1\build\classes\java\main started by user in C:\Users\user\Desktop\HyperSkill\DroneMedAPI\DroneMedicationAPI\Stage1)
2024-03-20 23:46:03.381 DEBUG 21828 --- [nAPIApplication] DroneMed.DroneMedicationAPIApplication   : Running with Spring Boot v2.5.6, Spring v5.3.12
2024-03-20 23:46:03.390  INFO 21828 --- [nAPIApplication] DroneMed.DroneMedicationAPIApplication   : No active profile set, falling back to default profiles: default
2024-03-20 23:46:03.902  INFO 21828 --- [nAPIApplication] .s.d.r.c.RepositoryConfigurationDelegate : Bootstrapping Spring Data JPA repositories in DEFAULT mode.
2024-03-20 23:46:03.952  INFO 21828 --- [nAPIApplication] .s.d.r.c.RepositoryConfigurationDelegate : Finished Spring Data repository scanning in 33 ms. Found 3 JPA repository interfaces.
2024-03-20 23:46:04.128  INFO 21828 --- [nAPIApplication] o.hibernate.jpa.internal.util.LogHelper  : HHH000204: Processing PersistenceUnitInfo [name: default]
2024-03-20 23:46:04.218  INFO 21828 --- [nAPIApplication] com.zaxxer.hikari.HikariDataSource       : HikariPool-2 - Starting...
2024-03-20 23:46:04.292  INFO 21828 --- [nAPIApplication] com.zaxxer.hikari.HikariDataSource       : HikariPool-2 - Start completed.
2024-03-20 23:46:04.312  INFO 21828 --- [nAPIApplication] org.hibernate.dialect.Dialect            : HHH000400: Using dialect: org.hibernate.dialect.H2Dialect
2024-03-20 23:46:04.687  INFO 21828 --- [nAPIApplication] o.h.e.t.j.p.i.JtaPlatformInitiator       : HHH000490: Using JtaPlatform implementation: [org.hibernate.engine.transaction.jta.platform.internal.NoJtaPlatform]
2024-03-20 23:46:04.700  INFO 21828 --- [nAPIApplication] j.LocalContainerEntityManagerFactoryBean : Initialized JPA EntityManagerFactory for persistence unit 'default'
2024-03-20 23:46:05.102  INFO 21828 --- [nAPIApplication] DroneMed.DroneMedicationAPIApplication   : Started DroneMedicationAPIApplication in 1.831 seconds (JVM running for 11.695)
Enter instruction for drone medication API...
1. Drones
2. Medications
3. UserAccounts
4. Exit
> 2
1. View Medications
2. Create Medication
3. Update Medication
4. Delete Medication
5. Get Medication
6. Back
> 7
Invalid response, Please enter a valid response.
1. View Medications
2. Create Medication
3. Update Medication
4. Delete Medication
5. Get Medication
6. Back
> 1
View medications
1. Back
The medication list is empty.
> abcd
Invalid response, Please enter a valid response.
> 1
1. View Medications
2. Create Medication
3. Update Medication
4. Delete Medication
5. Get Medication
6. Back
> andfnf
Invalid response, Please enter a valid response.
1. View Medications
2. Create Medication
3. Update Medication
4. Delete Medication
5. Get Medication
6. Back
> 2
Create medications
1. Back
Enter new medication information....
medication code, name, weight, imageURL 
> XYGIY_01,Paracetamol,30,https://th.bing.com/th/id/OIP.CjEDMQk7TEODMKh4MZFfGgD6D6?w=166&h=180&c=7&r=0&o=5&pid=1.7
Create medications
1. Back
2. Create more medications
Medication with code XYGIY_01 created successfully.
> 2
Create medications
1. Back
Enter new medication information....
medication code, name, weight, imageURL 
> EM2N5P8,Montelukast,30,https://th.bing.com/th/id/OIP.UKCusqDb2OqO0Yc7YkUZYwHaHa?pid=ImgDet&rs=1
Create medications
1. Back
2. Create more medications
Medication with code EM2N5P8 created successfully.
> 2
Create medications
1. Back
Enter new medication information....
medication code, name, weight, imageURL 
> 0378_1800,levothyroxine,45,https://th.bing.com/th/id/R.7fbd35f211e5d8d1d26a917886324ee2?rik=0V5LafFrz83tFQ&pid=ImgRaw&r=0
Create medications
1. Back
2. Create more medications
Medication with code 0378_1800 created successfully.
> 2
Create medications
1. Back
Enter new medication information....
medication code, name, weight, imageURL 
> 0093_5056,atorvastatin,55,https://th.bing.com/th/id/OIP.UweW6J3LBoimlOFacJE1cAHaFj?rs=1&pid=ImgDetMain
Create medications
1. Back
2. Create more medications
Medication with code 0093_5056 created successfully.
> 2
Create medications
1. Back
Enter new medication information....
medication code, name, weight, imageURL 
> ZZGIY_01,Paracetamol,30
The parameter you entered is not a valid medication parameter, Please enter a valid medication parameter.
> 0591_0405,60,https://www.lupin.com/US/wp-content/uploads/2021/06/lisinopril-tablets-usp-40mg.jpg
The parameter you entered is not a valid medication parameter, Please enter a valid medication parameter.
> 1
1. View Medications
2. Create Medication
3. Update Medication
4. Delete Medication
5. Get Medication
6. Back
> 3
Update medications
1. Back
Medications list
1. Medication code: XYGIY_01 name: Paracetamol Weight: 30 imageURL: https://th.bing.com/th/id/OIP.CjEDMQk7TEODMKh4MZFfGgD6D6?w=166&h=180&c=7&r=0&o=5&pid=1.7
2. Medication code: EM2N5P8 name: Montelukast Weight: 30 imageURL: https://th.bing.com/th/id/OIP.UKCusqDb2OqO0Yc7YkUZYwHaHa?pid=ImgDet&rs=1
3. Medication code: 0378_1800 name: levothyroxine Weight: 45 imageURL: https://th.bing.com/th/id/R.7fbd35f211e5d8d1d26a917886324ee2?rik=0V5LafFrz83tFQ&pid=ImgRaw&r=0
4. Medication code: 0093_5056 name: atorvastatin Weight: 55 imageURL: https://th.bing.com/th/id/OIP.UweW6J3LBoimlOFacJE1cAHaFj?rs=1&pid=ImgDetMain
Enter medication ID to update....
medication code, name, weight, imageURL 
> XYGIY_01,Paracetamol,45,https://th.bing.com/th/id/OIP.CjEDMQk7TEODMKh4MZFfGgD6D6?w=166&h=180&c=7&r=0&o=5&pid=1.7
Updated medications
1. Back
2. Update more medications
Medication with code XYGIY_01 updated successfully.
> 2
Update medications
1. Back
Medications list
1. Medication code: XYGIY_01 name: Paracetamol Weight: 45 imageURL: https://th.bing.com/th/id/OIP.CjEDMQk7TEODMKh4MZFfGgD6D6?w=166&h=180&c=7&r=0&o=5&pid=1.7
2. Medication code: EM2N5P8 name: Montelukast Weight: 30 imageURL: https://th.bing.com/th/id/OIP.UKCusqDb2OqO0Yc7YkUZYwHaHa?pid=ImgDet&rs=1
3. Medication code: 0378_1800 name: levothyroxine Weight: 45 imageURL: https://th.bing.com/th/id/R.7fbd35f211e5d8d1d26a917886324ee2?rik=0V5LafFrz83tFQ&pid=ImgRaw&r=0
4. Medication code: 0093_5056 name: atorvastatin Weight: 55 imageURL: https://th.bing.com/th/id/OIP.UweW6J3LBoimlOFacJE1cAHaFj?rs=1&pid=ImgDetMain
Enter medication ID to update....
medication code, name, weight, imageURL 
> XYGIY_11,Paracetamol,30,https://th.bing.com/th/id/OIP.CjEDMQk7TEODMKh4MZFfGgD6D6?w=166&h=180&c=7&r=0&o=5&pid=1.7
Updated medications
1. Back
2. Update more medications
Medication with code XYGIY_11 not found.
> 2
Update medications
1. Back
Medications list
1. Medication code: XYGIY_01 name: Paracetamol Weight: 45 imageURL: https://th.bing.com/th/id/OIP.CjEDMQk7TEODMKh4MZFfGgD6D6?w=166&h=180&c=7&r=0&o=5&pid=1.7
2. Medication code: EM2N5P8 name: Montelukast Weight: 30 imageURL: https://th.bing.com/th/id/OIP.UKCusqDb2OqO0Yc7YkUZYwHaHa?pid=ImgDet&rs=1
3. Medication code: 0378_1800 name: levothyroxine Weight: 45 imageURL: https://th.bing.com/th/id/R.7fbd35f211e5d8d1d26a917886324ee2?rik=0V5LafFrz83tFQ&pid=ImgRaw&r=0
4. Medication code: 0093_5056 name: atorvastatin Weight: 55 imageURL: https://th.bing.com/th/id/OIP.UweW6J3LBoimlOFacJE1cAHaFj?rs=1&pid=ImgDetMain
Enter medication ID to update....
medication code, name, weight, imageURL 
> ZZGIY_01,Paracetamol,30
The parameter you entered is not a valid medication parameter, Please enter a valid medication parameter.
> 1
1. View Medications
2. Create Medication
3. Update Medication
4. Delete Medication
5. Get Medication
6. Back
> 4
Delete medications
1. Back
Medications list
1. Medication code: XYGIY_01 name: Paracetamol Weight: 45 imageURL: https://th.bing.com/th/id/OIP.CjEDMQk7TEODMKh4MZFfGgD6D6?w=166&h=180&c=7&r=0&o=5&pid=1.7
2. Medication code: EM2N5P8 name: Montelukast Weight: 30 imageURL: https://th.bing.com/th/id/OIP.UKCusqDb2OqO0Yc7YkUZYwHaHa?pid=ImgDet&rs=1
3. Medication code: 0378_1800 name: levothyroxine Weight: 45 imageURL: https://th.bing.com/th/id/R.7fbd35f211e5d8d1d26a917886324ee2?rik=0V5LafFrz83tFQ&pid=ImgRaw&r=0
4. Medication code: 0093_5056 name: atorvastatin Weight: 55 imageURL: https://th.bing.com/th/id/OIP.UweW6J3LBoimlOFacJE1cAHaFj?rs=1&pid=ImgDetMain
Enter medication ID to Delete...
> 0093_5056
Delete medications
1. Back
2. Delete more medications
Medication with code 0093_5056 deleted Successfully.
> 2
Delete medications
1. Back
Medications list
1. Medication code: XYGIY_01 name: Paracetamol Weight: 45 imageURL: https://th.bing.com/th/id/OIP.CjEDMQk7TEODMKh4MZFfGgD6D6?w=166&h=180&c=7&r=0&o=5&pid=1.7
2. Medication code: EM2N5P8 name: Montelukast Weight: 30 imageURL: https://th.bing.com/th/id/OIP.UKCusqDb2OqO0Yc7YkUZYwHaHa?pid=ImgDet&rs=1
3. Medication code: 0378_1800 name: levothyroxine Weight: 45 imageURL: https://th.bing.com/th/id/R.7fbd35f211e5d8d1d26a917886324ee2?rik=0V5LafFrz83tFQ&pid=ImgRaw&r=0
Enter medication ID to Delete...
> 0378_1800
Delete medications
1. Back
2. Delete more medications
Medication with code 0378_1800 deleted Successfully.
> 2
Delete medications
1. Back
Medications list
1. Medication code: XYGIY_01 name: Paracetamol Weight: 45 imageURL: https://th.bing.com/th/id/OIP.CjEDMQk7TEODMKh4MZFfGgD6D6?w=166&h=180&c=7&r=0&o=5&pid=1.7
2. Medication code: EM2N5P8 name: Montelukast Weight: 30 imageURL: https://th.bing.com/th/id/OIP.UKCusqDb2OqO0Yc7YkUZYwHaHa?pid=ImgDet&rs=1
Enter medication ID to Delete...
> 0378_1816
Delete medications
1. Back
2. Delete more medications
Medication with code 0378_1816 not found.
> 1
1. View Medications
2. Create Medication
3. Update Medication
4. Delete Medication
5. Get Medication
6. Back
> 5
Get medications
1. Back
Enter the medication ID that you want to retrieve.
> XYGIY_01
Get medications
1. Back
2. Get more medications
Medication code: XYGIY_01 name: Paracetamol Weight: 45 imageURL: https://th.bing.com/th/id/OIP.CjEDMQk7TEODMKh4MZFfGgD6D6?w=166&h=180&c=7&r=0&o=5&pid=1.7
> 2
Get medications
1. Back
Enter the medication ID that you want to retrieve.
> EM2N5P8
Get medications
1. Back
2. Get more medications
Medication code: EM2N5P8 name: Montelukast Weight: 30 imageURL: https://th.bing.com/th/id/OIP.UKCusqDb2OqO0Yc7YkUZYwHaHa?pid=ImgDet&rs=1
> 2
Get medications
1. Back
Enter the medication ID that you want to retrieve.
> 0591_0000
Get medications
1. Back
2. Get more medications
Medication with code 0591_0000 not found.
> 1
1. View Medications
2. Create Medication
3. Update Medication
4. Delete Medication
5. Get Medication
6. Back
> 6
1. Drones
2. Medications
3. UserAccounts
4. Exit
2024-03-20 23:46:05.805  INFO 21828 --- [nAPIApplication] ConditionEvaluationReportLoggingListener : 

Error starting ApplicationContext. To display the conditions report re-run your application with 'debug' enabled.
2024-03-20 23:46:05.824 ERROR 21828 --- [nAPIApplication] o.s.boot.SpringApplication               : Application run failed

org.hyperskill.hstest.dynamic.security.ExitException: Tried to exit with status 0.
	at org.hyperskill.hstest.dynamic.input.DynamicInputHandler.ejectChar(DynamicInputHandler.java:34) ~[hs-test-release-SNAPSHOT.jar:na]
	at org.hyperskill.hstest.dynamic.input.InputMock.read(InputMock.java:81) ~[hs-test-release-SNAPSHOT.jar:na]
	at org.hyperskill.hstest.dynamic.input.InputMock.read(InputMock.java:59) ~[hs-test-release-SNAPSHOT.jar:na]
	at java.base/sun.nio.cs.StreamDecoder.readBytes(StreamDecoder.java:270) ~[na:na]
	at java.base/sun.nio.cs.StreamDecoder.implRead(StreamDecoder.java:313) ~[na:na]
	at java.base/sun.nio.cs.StreamDecoder.read(StreamDecoder.java:188) ~[na:na]
	at java.base/java.io.Reader.read(Reader.java:197) ~[na:na]
	at java.base/java.io.InputStreamReader.read(InputStreamReader.java:157) ~[na:na]
	at java.base/java.util.Scanner.readInput(Scanner.java:882) ~[na:na]
	at java.base/java.util.Scanner.next(Scanner.java:1592) ~[na:na]
	at java.base/java.util.Scanner.nextInt(Scanner.java:2258) ~[na:na]
	at java.base/java.util.Scanner.nextInt(Scanner.java:2212) ~[na:na]
	at DroneMed.Runner.run(Runner.java:53) ~[main/:na]
	at org.springframework.boot.SpringApplication.callRunner(SpringApplication.java:791) ~[spring-boot-2.5.6.jar:2.5.6]
	at org.springframework.boot.SpringApplication.callRunners(SpringApplication.java:775) ~[spring-boot-2.5.6.jar:2.5.6]
	at org.springframework.boot.SpringApplication.run(SpringApplication.java:345) ~[spring-boot-2.5.6.jar:2.5.6]
	at org.springframework.boot.SpringApplication.run(SpringApplication.java:1343) ~[spring-boot-2.5.6.jar:2.5.6]
	at org.springframework.boot.SpringApplication.run(SpringApplication.java:1332) ~[spring-boot-2.5.6.jar:2.5.6]
	at DroneMed.DroneMedicationAPIApplication.main(DroneMedicationAPIApplication.java:11) ~[main/:na]
	at java.base/jdk.internal.reflect.NativeMethodAccessorImpl.invoke0(Native Method) ~[na:na]
	at java.base/jdk.internal.reflect.NativeMethodAccessorImpl.invoke(NativeMethodAccessorImpl.java:77) ~[na:na]
	at java.base/jdk.internal.reflect.DelegatingMethodAccessorImpl.invoke(DelegatingMethodAccessorImpl.java:43) ~[na:na]
	at java.base/java.lang.reflect.Method.invoke(Method.java:568) ~[na:na]
	at org.hyperskill.hstest.testing.execution.MainMethodExecutor.invokeMain(MainMethodExecutor.java:160) ~[hs-test-release-SNAPSHOT.jar:na]
	at org.hyperskill.hstest.testing.execution.MainMethodExecutor.lambda$launch$1(MainMethodExecutor.java:188) ~[hs-test-release-SNAPSHOT.jar:na]
	at java.base/java.util.concurrent.Executors$RunnableAdapter.call(Executors.java:539) ~[na:na]
	at java.base/java.util.concurrent.FutureTask.run(FutureTask.java:264) ~[na:na]
	at java.base/java.util.concurrent.ThreadPoolExecutor.runWorker(ThreadPoolExecutor.java:1136) ~[na:na]
	at java.base/java.util.concurrent.ThreadPoolExecutor$Worker.run(ThreadPoolExecutor.java:635) ~[na:na]
	at java.base/java.lang.Thread.run(Thread.java:833) ~[na:na]

2024-03-20 23:46:05.990  INFO 21828 --- [nAPIApplication] j.LocalContainerEntityManagerFactoryBean : Closing JPA EntityManagerFactory for persistence unit 'default'
2024-03-20 23:46:06.002  INFO 21828 --- [nAPIApplication] com.zaxxer.hikari.HikariDataSource       : HikariPool-2 - Shutdown initiated...
2024-03-20 23:46:06.024  INFO 21828 --- [nAPIApplication] com.zaxxer.hikari.HikariDataSource       : HikariPool-2 - Shutdown completed.
?[1;31m
Start test 3?[0m

  .   ____          _            __ _ _
 /\\ / ___'_ __ _ _(_)_ __  __ _ \ \ \ \
( ( )\___ | '_ | '_| | '_ \/ _` | \ \ \ \
 \\/  ___)| |_)| | | | | || (_| |  ) ) ) )
  '  |____| .__|_| |_|_| |_\__, | / / / /
 =========|_|==============|___/=/_/_/_/
 :: Spring Boot ::                (v2.5.6)

2024-03-20 23:46:06.100  INFO 21828 --- [nAPIApplication] DroneMed.DroneMedicationAPIApplication   : Starting DroneMedicationAPIApplication using Java 17.0.8.1 on DESKTOP-S3OS6DJ with PID 21828 (C:\Users\user\Desktop\HyperSkill\DroneMedAPI\DroneMedicationAPI\Stage1\build\classes\java\main started by user in C:\Users\user\Desktop\HyperSkill\DroneMedAPI\DroneMedicationAPI\Stage1)
2024-03-20 23:46:06.120 DEBUG 21828 --- [nAPIApplication] DroneMed.DroneMedicationAPIApplication   : Running with Spring Boot v2.5.6, Spring v5.3.12
2024-03-20 23:46:06.127  INFO 21828 --- [nAPIApplication] DroneMed.DroneMedicationAPIApplication   : No active profile set, falling back to default profiles: default
2024-03-20 23:46:06.545  INFO 21828 --- [nAPIApplication] .s.d.r.c.RepositoryConfigurationDelegate : Bootstrapping Spring Data JPA repositories in DEFAULT mode.
2024-03-20 23:46:06.589  INFO 21828 --- [nAPIApplication] .s.d.r.c.RepositoryConfigurationDelegate : Finished Spring Data repository scanning in 28 ms. Found 3 JPA repository interfaces.
2024-03-20 23:46:06.708  INFO 21828 --- [nAPIApplication] o.hibernate.jpa.internal.util.LogHelper  : HHH000204: Processing PersistenceUnitInfo [name: default]
2024-03-20 23:46:06.731  INFO 21828 --- [nAPIApplication] com.zaxxer.hikari.HikariDataSource       : HikariPool-3 - Starting...
2024-03-20 23:46:06.756  INFO 21828 --- [nAPIApplication] com.zaxxer.hikari.HikariDataSource       : HikariPool-3 - Start completed.
2024-03-20 23:46:06.767  INFO 21828 --- [nAPIApplication] org.hibernate.dialect.Dialect            : HHH000400: Using dialect: org.hibernate.dialect.H2Dialect
2024-03-20 23:46:06.885  INFO 21828 --- [nAPIApplication] o.h.e.t.j.p.i.JtaPlatformInitiator       : HHH000490: Using JtaPlatform implementation: [org.hibernate.engine.transaction.jta.platform.internal.NoJtaPlatform]
2024-03-20 23:46:06.906  INFO 21828 --- [nAPIApplication] j.LocalContainerEntityManagerFactoryBean : Initialized JPA EntityManagerFactory for persistence unit 'default'
2024-03-20 23:46:07.265  INFO 21828 --- [nAPIApplication] DroneMed.DroneMedicationAPIApplication   : Started DroneMedicationAPIApplication in 1.226 seconds (JVM running for 13.857)
Enter instruction for drone medication API...
1. Drones
2. Medications
3. UserAccounts
4. Exit
> 3
1. View UserAccounts
2. Create UserAccount
3. Update UserAccount
4. Delete UserAccount
5. Get UserAccount
6. Back
> 15
Invalid response, Please enter a valid response.
1. View UserAccounts
2. Create UserAccount
3. Update UserAccount
4. Delete UserAccount
5. Get UserAccount
6. Back
> 1
View UserAccounts
1. Back
The UserAccounts list is empty.
> abcdkjasdffasfasjkn
Invalid response, Please enter a valid response.
> 1
1. View UserAccounts
2. Create UserAccount
3. Update UserAccount
4. Delete UserAccount
5. Get UserAccount
6. Back
> analsgaslkdfnf
Invalid response, Please enter a valid response.
1. View UserAccounts
2. Create UserAccount
3. Update UserAccount
4. Delete UserAccount
5. Get UserAccount
6. Back
> 2
Create UserAccount
1. Back
Enter new UserAccount information....
User accountType, name, phoneNumber, address, gps coordinates 
> ADMIN,Emily Davis,4157890123,789 Cedar Street Sacramento California(CA) 95814,38.58157 -121.49440
Create userAccounts
1. Back
2. Create more userAccounts
User with phone number 4157890123 created successfully.
> 2
Create UserAccount
1. Back
Enter new UserAccount information....
User accountType, name, phoneNumber, address, gps coordinates 
> GUEST,Michael Martinez,9163456789,101 Walnut Avenue San Diego California(CA) 92101,32.71574 -117.16109
Create userAccounts
1. Back
2. Create more userAccounts
User with phone number 9163456789 created successfully.
> 2
Create UserAccount
1. Back
Enter new UserAccount information....
User accountType, name, phoneNumber, address, gps coordinates 
> ADMIN,Daniel Taylor,3238765432, 303 Elm Avenue Oakland California(CA) 94601,37.80493 -122.27080
Create userAccounts
1. Back
2. Create more userAccounts
User with phone number 3238765432 created successfully.
> 2
Create UserAccount
1. Back
Enter new UserAccount information....
User accountType, name, phoneNumber, address, gps coordinates 
> GUEST,Sophia Rodriguez,7149876543, 404 Maple Avenue Fresno California(CA) 93701,36.73929 -119.78429
Create userAccounts
1. Back
2. Create more userAccounts
User with phone number 7149876543 created successfully.
> 2
Create UserAccount
1. Back
Enter new UserAccount information....
User accountType, name, phoneNumber, address, gps coordinates 
> CUSTOMER,John Smith,5109876543,456 Pine Avenue, Los Angeles, California(CA), 90001,34.05223 -118.24368
The parameter you entered is not a valid userAccounts parameter, Please enter a valid userAccounts parameter.
> CUSTOMER,Olivia White,6504321876,202 Birch Street San Jose California(CA) 95110, 37.33821 -121.88633
Create userAccounts
1. Back
2. Create more userAccounts
User with phone number 6504321876 created successfully.
> 1
1. View UserAccounts
2. Create UserAccount
3. Update UserAccount
4. Delete UserAccount
5. Get UserAccount
6. Back
> 3
Update UserAccount
1. Back
UserAccounts list
1. UserAccount name: Emily Davis phoneNumber: 4157890123 address: 789 Cedar Street Sacramento California(CA) 95814 account: ADMIN
2. UserAccount name: Michael Martinez phoneNumber: 9163456789 address: 101 Walnut Avenue San Diego California(CA) 92101 account: GUEST
3. UserAccount name: Daniel Taylor phoneNumber: 3238765432 address: 303 Elm Avenue Oakland California(CA) 94601 account: ADMIN
4. UserAccount name: Sophia Rodriguez phoneNumber: 7149876543 address: 404 Maple Avenue Fresno California(CA) 93701 account: GUEST
5. UserAccount name: Olivia White phoneNumber: 6504321876 address: 202 Birch Street San Jose California(CA) 95110 account: CUSTOMER
Enter UserAccount ID to update....
User accountType, name, phoneNumber, address, gps coordinates  
> ADMIN,Emily Davis,4157890123,789 Cedar Street Oakland California(CA) 77714,38.58157 -121.49440
Updated userAccounts
1. Back
2. Update more userAccounts
User with phone number 4157890123 updated successfully.
> 2
Update UserAccount
1. Back
UserAccounts list
1. UserAccount name: Emily Davis phoneNumber: 4157890123 address: 789 Cedar Street Oakland California(CA) 77714 account: ADMIN
2. UserAccount name: Michael Martinez phoneNumber: 9163456789 address: 101 Walnut Avenue San Diego California(CA) 92101 account: GUEST
3. UserAccount name: Daniel Taylor phoneNumber: 3238765432 address: 303 Elm Avenue Oakland California(CA) 94601 account: ADMIN
4. UserAccount name: Sophia Rodriguez phoneNumber: 7149876543 address: 404 Maple Avenue Fresno California(CA) 93701 account: GUEST
5. UserAccount name: Olivia White phoneNumber: 6504321876 address: 202 Birch Street San Jose California(CA) 95110 account: CUSTOMER
Enter UserAccount ID to update....
User accountType, name, phoneNumber, address, gps coordinates  
> CUSTOMER,John Smith,5109876543,456 Pine Avenue Los Angeles California(CA) 90001,34.05223 -118.24368
Updated userAccounts
1. Back
2. Update more userAccounts
User with phone number 5109876543 not found.
> 2
Update UserAccount
1. Back
UserAccounts list
1. UserAccount name: Emily Davis phoneNumber: 4157890123 address: 789 Cedar Street Oakland California(CA) 77714 account: ADMIN
2. UserAccount name: Michael Martinez phoneNumber: 9163456789 address: 101 Walnut Avenue San Diego California(CA) 92101 account: GUEST
3. UserAccount name: Daniel Taylor phoneNumber: 3238765432 address: 303 Elm Avenue Oakland California(CA) 94601 account: ADMIN
4. UserAccount name: Sophia Rodriguez phoneNumber: 7149876543 address: 404 Maple Avenue Fresno California(CA) 93701 account: GUEST
5. UserAccount name: Olivia White phoneNumber: 6504321876 address: 202 Birch Street San Jose California(CA) 95110 account: CUSTOMER
Enter UserAccount ID to update....
User accountType, name, phoneNumber, address, gps coordinates  
> CUSTOMER,John Smith,5109876543,456 Pine Avenue, Los Angeles, California(CA), 90001,34.05223 -118.24368
The parameter you entered is not a valid userAccounts parameter, Please enter a valid userAccounts parameter.
> 1
1. View UserAccounts
2. Create UserAccount
3. Update UserAccount
4. Delete UserAccount
5. Get UserAccount
6. Back
> 4
Delete UserAccount
1. Back
UserAccounts list
1. UserAccount name: Emily Davis phoneNumber: 4157890123 address: 789 Cedar Street Oakland California(CA) 77714 account: ADMIN
2. UserAccount name: Michael Martinez phoneNumber: 9163456789 address: 101 Walnut Avenue San Diego California(CA) 92101 account: GUEST
3. UserAccount name: Daniel Taylor phoneNumber: 3238765432 address: 303 Elm Avenue Oakland California(CA) 94601 account: ADMIN
4. UserAccount name: Sophia Rodriguez phoneNumber: 7149876543 address: 404 Maple Avenue Fresno California(CA) 93701 account: GUEST
5. UserAccount name: Olivia White phoneNumber: 6504321876 address: 202 Birch Street San Jose California(CA) 95110 account: CUSTOMER
Enter UserAccount ID to Delete...
> 7149876543
Delete userAccounts
1. Back
2. Delete more userAccounts
User with phone number 7149876543 deleted Successfully.
> 2
Delete UserAccount
1. Back
UserAccounts list
1. UserAccount name: Emily Davis phoneNumber: 4157890123 address: 789 Cedar Street Oakland California(CA) 77714 account: ADMIN
2. UserAccount name: Michael Martinez phoneNumber: 9163456789 address: 101 Walnut Avenue San Diego California(CA) 92101 account: GUEST
3. UserAccount name: Daniel Taylor phoneNumber: 3238765432 address: 303 Elm Avenue Oakland California(CA) 94601 account: ADMIN
4. UserAccount name: Olivia White phoneNumber: 6504321876 address: 202 Birch Street San Jose California(CA) 95110 account: CUSTOMER
Enter UserAccount ID to Delete...
> 3238765432
Delete userAccounts
1. Back
2. Delete more userAccounts
User with phone number 3238765432 deleted Successfully.
> 2
Delete UserAccount
1. Back
UserAccounts list
1. UserAccount name: Emily Davis phoneNumber: 4157890123 address: 789 Cedar Street Oakland California(CA) 77714 account: ADMIN
2. UserAccount name: Michael Martinez phoneNumber: 9163456789 address: 101 Walnut Avenue San Diego California(CA) 92101 account: GUEST
3. UserAccount name: Olivia White phoneNumber: 6504321876 address: 202 Birch Street San Jose California(CA) 95110 account: CUSTOMER
Enter UserAccount ID to Delete...
> 3238765400
Delete userAccounts
1. Back
2. Delete more userAccounts
User with phone number 3238765400 not found.
> 1
1. View UserAccounts
2. Create UserAccount
3. Update UserAccount
4. Delete UserAccount
5. Get UserAccount
6. Back
> 5
Get UserAccount
1. Back
Enter the UserAccount ID that you want to retrieve.
> 4157890123
Get userAccounts
1. Back
2. Get more userAccounts
UserAccount name: Emily Davis phoneNumber: 4157890123 address: 789 Cedar Street Oakland California(CA) 77714 account: ADMIN
> 2
Get UserAccount
1. Back
Enter the UserAccount ID that you want to retrieve.
> 6504321876
Get userAccounts
1. Back
2. Get more userAccounts
UserAccount name: Olivia White phoneNumber: 6504321876 address: 202 Birch Street San Jose California(CA) 95110 account: CUSTOMER
> 2
Get UserAccount
1. Back
Enter the UserAccount ID that you want to retrieve.
> 6504321800
Get userAccounts
1. Back
2. Get more userAccounts
UserAccount with phone number 6504321800 not found.
> 1
1. View UserAccounts
2. Create UserAccount
3. Update UserAccount
4. Delete UserAccount
5. Get UserAccount
6. Back
> 6
1. Drones
2. Medications
3. UserAccounts
4. Exit
2024-03-20 23:46:07.907  INFO 21828 --- [nAPIApplication] ConditionEvaluationReportLoggingListener : 

Error starting ApplicationContext. To display the conditions report re-run your application with 'debug' enabled.
2024-03-20 23:46:07.919 ERROR 21828 --- [nAPIApplication] o.s.boot.SpringApplication               : Application run failed

org.hyperskill.hstest.dynamic.security.ExitException: Tried to exit with status 0.
	at org.hyperskill.hstest.dynamic.input.DynamicInputHandler.ejectChar(DynamicInputHandler.java:34) ~[hs-test-release-SNAPSHOT.jar:na]
	at org.hyperskill.hstest.dynamic.input.InputMock.read(InputMock.java:81) ~[hs-test-release-SNAPSHOT.jar:na]
	at org.hyperskill.hstest.dynamic.input.InputMock.read(InputMock.java:59) ~[hs-test-release-SNAPSHOT.jar:na]
	at java.base/sun.nio.cs.StreamDecoder.readBytes(StreamDecoder.java:270) ~[na:na]
	at java.base/sun.nio.cs.StreamDecoder.implRead(StreamDecoder.java:313) ~[na:na]
	at java.base/sun.nio.cs.StreamDecoder.read(StreamDecoder.java:188) ~[na:na]
	at java.base/java.io.Reader.read(Reader.java:197) ~[na:na]
	at java.base/java.io.InputStreamReader.read(InputStreamReader.java:157) ~[na:na]
	at java.base/java.util.Scanner.readInput(Scanner.java:882) ~[na:na]
	at java.base/java.util.Scanner.next(Scanner.java:1592) ~[na:na]
	at java.base/java.util.Scanner.nextInt(Scanner.java:2258) ~[na:na]
	at java.base/java.util.Scanner.nextInt(Scanner.java:2212) ~[na:na]
	at DroneMed.Runner.run(Runner.java:53) ~[main/:na]
	at org.springframework.boot.SpringApplication.callRunner(SpringApplication.java:791) ~[spring-boot-2.5.6.jar:2.5.6]
	at org.springframework.boot.SpringApplication.callRunners(SpringApplication.java:775) ~[spring-boot-2.5.6.jar:2.5.6]
	at org.springframework.boot.SpringApplication.run(SpringApplication.java:345) ~[spring-boot-2.5.6.jar:2.5.6]
	at org.springframework.boot.SpringApplication.run(SpringApplication.java:1343) ~[spring-boot-2.5.6.jar:2.5.6]
	at org.springframework.boot.SpringApplication.run(SpringApplication.java:1332) ~[spring-boot-2.5.6.jar:2.5.6]
	at DroneMed.DroneMedicationAPIApplication.main(DroneMedicationAPIApplication.java:11) ~[main/:na]
	at java.base/jdk.internal.reflect.NativeMethodAccessorImpl.invoke0(Native Method) ~[na:na]
	at java.base/jdk.internal.reflect.NativeMethodAccessorImpl.invoke(NativeMethodAccessorImpl.java:77) ~[na:na]
	at java.base/jdk.internal.reflect.DelegatingMethodAccessorImpl.invoke(DelegatingMethodAccessorImpl.java:43) ~[na:na]
	at java.base/java.lang.reflect.Method.invoke(Method.java:568) ~[na:na]
	at org.hyperskill.hstest.testing.execution.MainMethodExecutor.invokeMain(MainMethodExecutor.java:160) ~[hs-test-release-SNAPSHOT.jar:na]
	at org.hyperskill.hstest.testing.execution.MainMethodExecutor.lambda$launch$1(MainMethodExecutor.java:188) ~[hs-test-release-SNAPSHOT.jar:na]
	at java.base/java.util.concurrent.Executors$RunnableAdapter.call(Executors.java:539) ~[na:na]
	at java.base/java.util.concurrent.FutureTask.run(FutureTask.java:264) ~[na:na]
	at java.base/java.util.concurrent.ThreadPoolExecutor.runWorker(ThreadPoolExecutor.java:1136) ~[na:na]
	at java.base/java.util.concurrent.ThreadPoolExecutor$Worker.run(ThreadPoolExecutor.java:635) ~[na:na]
	at java.base/java.lang.Thread.run(Thread.java:833) ~[na:na]

2024-03-20 23:46:08.091  INFO 21828 --- [nAPIApplication] j.LocalContainerEntityManagerFactoryBean : Closing JPA EntityManagerFactory for persistence unit 'default'
2024-03-20 23:46:08.101  INFO 21828 --- [nAPIApplication] com.zaxxer.hikari.HikariDataSource       : HikariPool-3 - Shutdown initiated...
2024-03-20 23:46:08.181  INFO 21828 --- [nAPIApplication] com.zaxxer.hikari.HikariDataSource       : HikariPool-3 - Shutdown completed.
]]></system-out>
  <system-err><![CDATA[]]></system-err>
</testsuite>
